D, [2019-09-04T23:13:01.802171 #9292] DEBUG -- :   [1m[35m (1.1ms)[0m  [1m[35mSET NAMES utf8,  @@SESSION.sql_mode = CONCAT(CONCAT(@@sql_mode, ',STRICT_ALL_TABLES'), ',NO_AUTO_VALUE_ON_ZERO'),  @@SESSION.sql_auto_is_null = 0, @@SESSION.wait_timeout = 2147483[0m
D, [2019-09-04T23:13:01.812570 #9292] DEBUG -- :   [1m[35m (9.9ms)[0m  [1m[35mCREATE DATABASE `li_manager_production` DEFAULT CHARACTER SET `utf8`[0m
D, [2019-09-04T23:13:03.833495 #9292] DEBUG -- :   [1m[35m (0.5ms)[0m  [1m[35mSET NAMES utf8,  @@SESSION.sql_mode = CONCAT(CONCAT(@@sql_mode, ',STRICT_ALL_TABLES'), ',NO_AUTO_VALUE_ON_ZERO'),  @@SESSION.sql_auto_is_null = 0, @@SESSION.wait_timeout = 2147483[0m
D, [2019-09-04T23:13:06.010417 #9292] DEBUG -- :   [1m[35m (0.7ms)[0m  [1m[35mSET NAMES utf8,  @@SESSION.sql_mode = CONCAT(CONCAT(@@sql_mode, ',STRICT_ALL_TABLES'), ',NO_AUTO_VALUE_ON_ZERO'),  @@SESSION.sql_auto_is_null = 0, @@SESSION.wait_timeout = 2147483[0m
D, [2019-09-04T23:13:06.023525 #9292] DEBUG -- :   [1m[35m (11.1ms)[0m  [1m[35mDROP TABLE IF EXISTS `employees` CASCADE[0m
D, [2019-09-04T23:13:06.057963 #9292] DEBUG -- :   [1m[35m (32.8ms)[0m  [1m[35mCREATE TABLE `employees` (`id` bigint NOT NULL AUTO_INCREMENT PRIMARY KEY, `created_at` datetime NOT NULL, `updated_at` datetime NOT NULL) ENGINE=InnoDB DEFAULT CHARSET=utf8[0m
D, [2019-09-04T23:13:06.067601 #9292] DEBUG -- :   [1m[35m (1.7ms)[0m  [1m[35mDROP TABLE IF EXISTS `licenses` CASCADE[0m
D, [2019-09-04T23:13:06.093762 #9292] DEBUG -- :   [1m[35m (23.0ms)[0m  [1m[35mCREATE TABLE `licenses` (`id` bigint NOT NULL AUTO_INCREMENT PRIMARY KEY, `license_name` varchar(50), `created_at` datetime NOT NULL, `updated_at` datetime NOT NULL) ENGINE=InnoDB DEFAULT CHARSET=utf8[0m
D, [2019-09-04T23:13:06.110963 #9292] DEBUG -- :   [1m[35m (1.3ms)[0m  [1m[35mDROP TABLE IF EXISTS `posts` CASCADE[0m
D, [2019-09-04T23:13:06.122525 #9292] DEBUG -- :   [1m[35m (11.1ms)[0m  [1m[35mCREATE TABLE `posts` (`id` bigint NOT NULL AUTO_INCREMENT PRIMARY KEY, `license_name` varchar(255), `holder_name` varchar(255), `date_of_license` date, `created_at` datetime NOT NULL, `updated_at` datetime NOT NULL) ENGINE=InnoDB DEFAULT CHARSET=utf8[0m
D, [2019-09-04T23:13:06.163408 #9292] DEBUG -- :   [1m[35m (0.6ms)[0m  [1m[35mDROP TABLE IF EXISTS `users` CASCADE[0m
D, [2019-09-04T23:13:06.178739 #9292] DEBUG -- :   [1m[35m (12.9ms)[0m  [1m[35mCREATE TABLE `users` (`id` bigint NOT NULL AUTO_INCREMENT PRIMARY KEY, `user_id` varchar(50), `user_name` varchar(50), `password` varchar(50), `created_at` datetime NOT NULL, `updated_at` datetime NOT NULL, UNIQUE INDEX `user_id`  (`user_id`)) ENGINE=InnoDB DEFAULT CHARSET=utf8[0m
D, [2019-09-04T23:13:06.181093 #9292] DEBUG -- :   [1m[35m (0.8ms)[0m  [1m[35mDROP TABLE IF EXISTS `å…ƒ_post` CASCADE[0m
D, [2019-09-04T23:13:06.196686 #9292] DEBUG -- :   [1m[35m (14.4ms)[0m  [1m[35mCREATE TABLE `å…ƒ_post` (`id` bigint, `license_name` varchar(255), `holder_name` varchar(255), `date_of_license` varchar(255), `created_at` datetime NOT NULL, `updated_at` datetime NOT NULL) ENGINE=InnoDB DEFAULT CHARSET=utf8[0m
D, [2019-09-04T23:13:06.201291 #9292] DEBUG -- :   [1m[35m (0.8ms)[0m  [1m[35mDROP TABLE IF EXISTS `è³‡æ ¼ä¸€è¦§` CASCADE[0m
D, [2019-09-04T23:13:06.217107 #9292] DEBUG -- :   [1m[35m (15.8ms)[0m  [1m[35mCREATE TABLE `è³‡æ ¼ä¸€è¦§` (`ID` int, `è³‡æ ¼å` varchar(255), `æœ‰åŠ¹æœŸé™` varchar(255), `ã‚µãƒ¼ãƒ™ã‚¤ãƒ©ãƒ³ã‚¹æœ‰ç„¡` varbinary(1), `äº‹å‹™å–å¾—æŽ¨å¥¨å¹´æ•°` int, `è£½é€ å–å¾—æŽ¨å¥¨å¹´æ•°` int) ENGINE=InnoDB DEFAULT CHARSET=utf8[0m
D, [2019-09-04T23:13:06.240239 #9292] DEBUG -- :   [1m[35m (10.6ms)[0m  [1m[35mCREATE TABLE `schema_migrations` (`version` varchar(255) NOT NULL PRIMARY KEY)[0m
D, [2019-09-04T23:13:06.316497 #9292] DEBUG -- :   [1m[35m (0.4ms)[0m  [1m[34mSELECT `schema_migrations`.`version` FROM `schema_migrations` ORDER BY `schema_migrations`.`version` ASC[0m
D, [2019-09-04T23:13:06.325627 #9292] DEBUG -- :   [1m[35m (2.2ms)[0m  [1m[32mINSERT INTO `schema_migrations` (version) VALUES (20190817162055)[0m
D, [2019-09-04T23:13:06.327965 #9292] DEBUG -- :   [1m[35m (1.6ms)[0m  [1m[32mINSERT INTO `schema_migrations` (version) VALUES
(20190813164010),
(20190814141141),
(20190817153408);

[0m
D, [2019-09-04T23:13:06.353243 #9292] DEBUG -- :   [1m[35m (10.2ms)[0m  [1m[35mCREATE TABLE `ar_internal_metadata` (`key` varchar(255) NOT NULL PRIMARY KEY, `value` varchar(255), `created_at` datetime NOT NULL, `updated_at` datetime NOT NULL)[0m
D, [2019-09-04T23:13:06.388051 #9292] DEBUG -- :   [1m[36mActiveRecord::InternalMetadata Load (0.7ms)[0m  [1m[34mSELECT  `ar_internal_metadata`.* FROM `ar_internal_metadata` WHERE `ar_internal_metadata`.`key` = 'environment' LIMIT 1[0m
D, [2019-09-04T23:13:06.398733 #9292] DEBUG -- :   [1m[35m (0.4ms)[0m  [1m[35mBEGIN[0m
D, [2019-09-04T23:13:06.403002 #9292] DEBUG -- :   [1m[36mActiveRecord::InternalMetadata Create (0.7ms)[0m  [1m[32mINSERT INTO `ar_internal_metadata` (`key`, `value`, `created_at`, `updated_at`) VALUES ('environment', 'production', '2019-09-04 14:13:06', '2019-09-04 14:13:06')[0m
D, [2019-09-04T23:13:06.405444 #9292] DEBUG -- :   [1m[35m (1.7ms)[0m  [1m[35mCOMMIT[0m
D, [2019-09-04T23:13:06.408703 #9292] DEBUG -- :   [1m[36mActiveRecord::InternalMetadata Load (0.5ms)[0m  [1m[34mSELECT  `ar_internal_metadata`.* FROM `ar_internal_metadata` WHERE `ar_internal_metadata`.`key` = 'environment' LIMIT 1[0m
D, [2019-09-04T23:13:06.416289 #9292] DEBUG -- :   [1m[35m (0.4ms)[0m  [1m[35mBEGIN[0m
D, [2019-09-04T23:13:06.420793 #9292] DEBUG -- :   [1m[35m (0.3ms)[0m  [1m[35mCOMMIT[0m
D, [2019-09-04T23:13:08.450207 #9292] DEBUG -- :   [1m[35m (0.4ms)[0m  [1m[35mSET NAMES utf8,  @@SESSION.sql_mode = CONCAT(CONCAT(@@sql_mode, ',STRICT_ALL_TABLES'), ',NO_AUTO_VALUE_ON_ZERO'),  @@SESSION.sql_auto_is_null = 0, @@SESSION.wait_timeout = 2147483[0m
D, [2019-09-04T23:13:08.456198 #9292] DEBUG -- :   [1m[35m (0.4ms)[0m  [1m[34mSELECT `schema_migrations`.`version` FROM `schema_migrations` ORDER BY `schema_migrations`.`version` ASC[0m
I, [2019-09-04T23:16:28.408131 #9428]  INFO -- : [077c88b8-852a-40ee-9353-21da36a841ea] Started GET "/" for 127.0.0.1 at 2019-09-04 23:16:28 +0900
I, [2019-09-04T23:16:28.410114 #9428]  INFO -- : [077c88b8-852a-40ee-9353-21da36a841ea] Processing by UsersController#login_form as HTML
D, [2019-09-04T23:16:30.449259 #9428] DEBUG -- : [077c88b8-852a-40ee-9353-21da36a841ea]   [1m[35m (0.4ms)[0m  [1m[35mSET NAMES utf8,  @@SESSION.sql_mode = CONCAT(CONCAT(@@sql_mode, ',STRICT_ALL_TABLES'), ',NO_AUTO_VALUE_ON_ZERO'),  @@SESSION.sql_auto_is_null = 0, @@SESSION.wait_timeout = 2147483[0m
D, [2019-09-04T23:16:30.480340 #9428] DEBUG -- : [077c88b8-852a-40ee-9353-21da36a841ea]   [1m[36mUser Load (0.4ms)[0m  [1m[34mSELECT  `users`.* FROM `users` WHERE `users`.`id` IS NULL LIMIT 1[0m
I, [2019-09-04T23:16:30.547247 #9428]  INFO -- : [077c88b8-852a-40ee-9353-21da36a841ea]   Rendering users/login_form.erb within layouts/application
I, [2019-09-04T23:16:30.552661 #9428]  INFO -- : [077c88b8-852a-40ee-9353-21da36a841ea]   Rendered users/login_form.erb within layouts/application (2.3ms)
I, [2019-09-04T23:16:30.582284 #9428]  INFO -- : [077c88b8-852a-40ee-9353-21da36a841ea]   Rendered layouts/_alert.html.erb (0.8ms)
I, [2019-09-04T23:16:30.611826 #9428]  INFO -- : [077c88b8-852a-40ee-9353-21da36a841ea]   Rendered layouts/_navigation.html.erb (1.2ms)
I, [2019-09-04T23:16:30.611826 #9428]  INFO -- : [077c88b8-852a-40ee-9353-21da36a841ea] Completed 200 OK in 2202ms (Views: 106.9ms | ActiveRecord: 20.2ms)
I, [2019-09-04T23:16:31.945292 #9428]  INFO -- : [fcb20694-a8f5-42ae-80ed-9bc0db7426d6] Started GET "/assets/application-450c0620eb6224d133fef3e1b701e99907dac20fb2010a71a9ba86100a7c1f67.js" for 127.0.0.1 at 2019-09-04 23:16:31 +0900
I, [2019-09-04T23:16:31.981300 #9428]  INFO -- : [b78aacd5-07c3-4ba0-ba0d-4261a90fbcb8] Started GET "/assets/application-49ae7b0e3b9e336273e64c9d6c7244e31615d2b96472d5ce324f21a033764b71.css" for 127.0.0.1 at 2019-09-04 23:16:31 +0900
I, [2019-09-04T23:17:18.944453 #9428]  INFO -- : [8f9d4ba9-e371-4f27-a0d8-27904ab08c90] Started POST "/login" for 127.0.0.1 at 2019-09-04 23:17:18 +0900
I, [2019-09-04T23:17:18.949506 #9428]  INFO -- : [8f9d4ba9-e371-4f27-a0d8-27904ab08c90] Processing by UsersController#login as HTML
I, [2019-09-04T23:17:18.950502 #9428]  INFO -- : [8f9d4ba9-e371-4f27-a0d8-27904ab08c90]   Parameters: {"utf8"=>"âœ“", "authenticity_token"=>"ZQsFtOT5/o39CifGkQR9Qfw0CL95UgkUS8DWkhLGjG0KFol9y4ycBJtGgtl5YjWc3U4rRQWsXo9bOWv6NYIWyw==", "user_id"=>"1000", "password"=>"[FILTERED]"}
D, [2019-09-04T23:17:18.955945 #9428] DEBUG -- : [8f9d4ba9-e371-4f27-a0d8-27904ab08c90]   [1m[36mUser Load (0.5ms)[0m  [1m[34mSELECT  `users`.* FROM `users` WHERE `users`.`id` IS NULL LIMIT 1[0m
D, [2019-09-04T23:17:18.955945 #9428] DEBUG -- : [8f9d4ba9-e371-4f27-a0d8-27904ab08c90]   [1m[36mUser Load (0.5ms)[0m  [1m[34mSELECT  `users`.* FROM `users` WHERE `users`.`user_id` = '1000' AND `users`.`password` = 'doraemon' LIMIT 1[0m
I, [2019-09-04T23:17:18.955945 #9428]  INFO -- : [8f9d4ba9-e371-4f27-a0d8-27904ab08c90]   Rendering users/login_form.erb within layouts/application
I, [2019-09-04T23:17:18.961118 #9428]  INFO -- : [8f9d4ba9-e371-4f27-a0d8-27904ab08c90]   Rendered users/login_form.erb within layouts/application (0.9ms)
I, [2019-09-04T23:17:18.962115 #9428]  INFO -- : [8f9d4ba9-e371-4f27-a0d8-27904ab08c90]   Rendered layouts/_alert.html.erb (0.1ms)
I, [2019-09-04T23:17:18.962115 #9428]  INFO -- : [8f9d4ba9-e371-4f27-a0d8-27904ab08c90]   Rendered layouts/_navigation.html.erb (0.1ms)
I, [2019-09-04T23:17:18.962115 #9428]  INFO -- : [8f9d4ba9-e371-4f27-a0d8-27904ab08c90] Completed 200 OK in 12ms (Views: 3.7ms | ActiveRecord: 1.0ms)
I, [2019-09-04T23:17:21.942113 #9428]  INFO -- : [44f2571b-87f0-4fd3-b412-3cde7c8c08f8] Started GET "/signup" for 127.0.0.1 at 2019-09-04 23:17:21 +0900
I, [2019-09-04T23:17:21.944193 #9428]  INFO -- : [44f2571b-87f0-4fd3-b412-3cde7c8c08f8] Processing by UsersController#new as HTML
D, [2019-09-04T23:17:21.946827 #9428] DEBUG -- : [44f2571b-87f0-4fd3-b412-3cde7c8c08f8]   [1m[36mUser Load (0.3ms)[0m  [1m[34mSELECT  `users`.* FROM `users` WHERE `users`.`id` IS NULL LIMIT 1[0m
I, [2019-09-04T23:17:21.975109 #9428]  INFO -- : [44f2571b-87f0-4fd3-b412-3cde7c8c08f8]   Rendering users/new.html.erb within layouts/application
I, [2019-09-04T23:17:21.975109 #9428]  INFO -- : [44f2571b-87f0-4fd3-b412-3cde7c8c08f8]   Rendered users/new.html.erb within layouts/application (1.6ms)
I, [2019-09-04T23:17:21.975109 #9428]  INFO -- : [44f2571b-87f0-4fd3-b412-3cde7c8c08f8]   Rendered layouts/_alert.html.erb (0.1ms)
I, [2019-09-04T23:17:21.975109 #9428]  INFO -- : [44f2571b-87f0-4fd3-b412-3cde7c8c08f8]   Rendered layouts/_navigation.html.erb (0.1ms)
I, [2019-09-04T23:17:21.980143 #9428]  INFO -- : [44f2571b-87f0-4fd3-b412-3cde7c8c08f8] Completed 200 OK in 36ms (Views: 5.0ms | ActiveRecord: 1.6ms)
I, [2019-09-04T23:17:28.975766 #9428]  INFO -- : [3f35b9b4-1ae0-4fb4-93e9-84a2cfd93aaa] Started POST "/users/create" for 127.0.0.1 at 2019-09-04 23:17:28 +0900
I, [2019-09-04T23:17:28.979640 #9428]  INFO -- : [3f35b9b4-1ae0-4fb4-93e9-84a2cfd93aaa] Processing by UsersController#create as HTML
I, [2019-09-04T23:17:28.979640 #9428]  INFO -- : [3f35b9b4-1ae0-4fb4-93e9-84a2cfd93aaa]   Parameters: {"utf8"=>"âœ“", "authenticity_token"=>"Udb/Vpr1f7Lj0TY2i27W9bxu+KqFbHPhLFToFkN8V0BrbEArZOvcvbKwu19WSo8GAqo/IAnnU9Xj3SAtEmFGRg==", "user_id"=>"1000", "user_name"=>"karasawa", "password"=>"[FILTERED]"}
D, [2019-09-04T23:17:28.982683 #9428] DEBUG -- : [3f35b9b4-1ae0-4fb4-93e9-84a2cfd93aaa]   [1m[36mUser Load (0.3ms)[0m  [1m[34mSELECT  `users`.* FROM `users` WHERE `users`.`id` IS NULL LIMIT 1[0m
D, [2019-09-04T23:17:28.983859 #9428] DEBUG -- : [3f35b9b4-1ae0-4fb4-93e9-84a2cfd93aaa]   [1m[35m (0.3ms)[0m  [1m[35mBEGIN[0m
D, [2019-09-04T23:17:28.986271 #9428] DEBUG -- : [3f35b9b4-1ae0-4fb4-93e9-84a2cfd93aaa]   [1m[36mUser Exists (0.3ms)[0m  [1m[34mSELECT  1 AS one FROM `users` WHERE `users`.`user_id` = BINARY '1000' LIMIT 1[0m
D, [2019-09-04T23:17:28.987267 #9428] DEBUG -- : [3f35b9b4-1ae0-4fb4-93e9-84a2cfd93aaa]   [1m[36mUser Create (0.3ms)[0m  [1m[32mINSERT INTO `users` (`user_id`, `user_name`, `password`, `created_at`, `updated_at`) VALUES ('1000', 'karasawa', 'doraemon', '2019-09-04 14:17:28', '2019-09-04 14:17:28')[0m
D, [2019-09-04T23:17:28.990475 #9428] DEBUG -- : [3f35b9b4-1ae0-4fb4-93e9-84a2cfd93aaa]   [1m[35m (2.0ms)[0m  [1m[35mCOMMIT[0m
I, [2019-09-04T23:17:28.990475 #9428]  INFO -- : [3f35b9b4-1ae0-4fb4-93e9-84a2cfd93aaa] Redirected to http://localhost:3000/posts/index
I, [2019-09-04T23:17:28.991257 #9428]  INFO -- : [3f35b9b4-1ae0-4fb4-93e9-84a2cfd93aaa] Completed 302 Found in 11ms (ActiveRecord: 3.3ms)
I, [2019-09-04T23:17:29.004339 #9428]  INFO -- : [0918e759-f6f7-49a9-abeb-18fb0ae9d90e] Started GET "/posts/index" for 127.0.0.1 at 2019-09-04 23:17:29 +0900
I, [2019-09-04T23:17:29.005426 #9428]  INFO -- : [0918e759-f6f7-49a9-abeb-18fb0ae9d90e] Processing by PostsController#index as HTML
D, [2019-09-04T23:17:29.009742 #9428] DEBUG -- : [0918e759-f6f7-49a9-abeb-18fb0ae9d90e]   [1m[36mUser Load (0.5ms)[0m  [1m[34mSELECT  `users`.* FROM `users` WHERE `users`.`id` = 1 LIMIT 1[0m
I, [2019-09-04T23:17:29.053198 #9428]  INFO -- : [0918e759-f6f7-49a9-abeb-18fb0ae9d90e]   Rendering posts/index.html.erb within layouts/application
D, [2019-09-04T23:17:29.056040 #9428] DEBUG -- : [0918e759-f6f7-49a9-abeb-18fb0ae9d90e]   [1m[36mLicense Load (0.6ms)[0m  [1m[34mSELECT `licenses`.* FROM `licenses`[0m
D, [2019-09-04T23:17:29.086868 #9428] DEBUG -- : [0918e759-f6f7-49a9-abeb-18fb0ae9d90e]   [1m[35m (0.8ms)[0m  [1m[34mSELECT COUNT(*) FROM `posts`[0m
D, [2019-09-04T23:17:29.088464 #9428] DEBUG -- : [0918e759-f6f7-49a9-abeb-18fb0ae9d90e]   [1m[36mPost Load (0.4ms)[0m  [1m[34mSELECT `posts`.* FROM `posts`[0m
I, [2019-09-04T23:17:29.088464 #9428]  INFO -- : [0918e759-f6f7-49a9-abeb-18fb0ae9d90e]   Rendered posts/index.html.erb within layouts/application (35.3ms)
I, [2019-09-04T23:17:29.089498 #9428]  INFO -- : [0918e759-f6f7-49a9-abeb-18fb0ae9d90e]   Rendered layouts/_alert.html.erb (0.1ms)
I, [2019-09-04T23:17:29.089498 #9428]  INFO -- : [0918e759-f6f7-49a9-abeb-18fb0ae9d90e]   Rendered layouts/_navigation.html.erb (0.1ms)
I, [2019-09-04T23:17:29.089498 #9428]  INFO -- : [0918e759-f6f7-49a9-abeb-18fb0ae9d90e] Completed 200 OK in 85ms (Views: 29.5ms | ActiveRecord: 30.5ms)
I, [2019-09-04T23:17:31.737654 #9428]  INFO -- : [3b74bf32-7e7f-4c51-b9f4-623425d0cc8f] Started GET "/posts/index" for 127.0.0.1 at 2019-09-04 23:17:31 +0900
I, [2019-09-04T23:17:31.737654 #9428]  INFO -- : [3b74bf32-7e7f-4c51-b9f4-623425d0cc8f] Processing by PostsController#index as HTML
D, [2019-09-04T23:17:31.741985 #9428] DEBUG -- : [3b74bf32-7e7f-4c51-b9f4-623425d0cc8f]   [1m[36mUser Load (0.6ms)[0m  [1m[34mSELECT  `users`.* FROM `users` WHERE `users`.`id` = 1 LIMIT 1[0m
I, [2019-09-04T23:17:31.744312 #9428]  INFO -- : [3b74bf32-7e7f-4c51-b9f4-623425d0cc8f]   Rendering posts/index.html.erb within layouts/application
D, [2019-09-04T23:17:31.745315 #9428] DEBUG -- : [3b74bf32-7e7f-4c51-b9f4-623425d0cc8f]   [1m[36mLicense Load (0.8ms)[0m  [1m[34mSELECT `licenses`.* FROM `licenses`[0m
D, [2019-09-04T23:17:31.747387 #9428] DEBUG -- : [3b74bf32-7e7f-4c51-b9f4-623425d0cc8f]   [1m[35m (0.4ms)[0m  [1m[34mSELECT COUNT(*) FROM `posts`[0m
D, [2019-09-04T23:17:31.748521 #9428] DEBUG -- : [3b74bf32-7e7f-4c51-b9f4-623425d0cc8f]   [1m[36mPost Load (0.4ms)[0m  [1m[34mSELECT `posts`.* FROM `posts`[0m
I, [2019-09-04T23:17:31.748521 #9428]  INFO -- : [3b74bf32-7e7f-4c51-b9f4-623425d0cc8f]   Rendered posts/index.html.erb within layouts/application (4.1ms)
I, [2019-09-04T23:17:31.749510 #9428]  INFO -- : [3b74bf32-7e7f-4c51-b9f4-623425d0cc8f]   Rendered layouts/_alert.html.erb (0.1ms)
I, [2019-09-04T23:17:31.749510 #9428]  INFO -- : [3b74bf32-7e7f-4c51-b9f4-623425d0cc8f]   Rendered layouts/_navigation.html.erb (0.1ms)
I, [2019-09-04T23:17:31.749510 #9428]  INFO -- : [3b74bf32-7e7f-4c51-b9f4-623425d0cc8f] Completed 200 OK in 11ms (Views: 5.6ms | ActiveRecord: 2.1ms)
I, [2019-09-04T23:17:31.798695 #9428]  INFO -- : [ba0dfcfc-e2d2-4150-8420-5f85d19d086e] Started GET "/favicon.ico" for 127.0.0.1 at 2019-09-04 23:17:31 +0900
F, [2019-09-04T23:17:31.799778 #9428] FATAL -- : [ba0dfcfc-e2d2-4150-8420-5f85d19d086e]   
F, [2019-09-04T23:17:31.799778 #9428] FATAL -- : [ba0dfcfc-e2d2-4150-8420-5f85d19d086e] ActionController::RoutingError (No route matches [GET] "/favicon.ico"):
F, [2019-09-04T23:17:31.799778 #9428] FATAL -- : [ba0dfcfc-e2d2-4150-8420-5f85d19d086e]   
F, [2019-09-04T23:17:31.799778 #9428] FATAL -- : [ba0dfcfc-e2d2-4150-8420-5f85d19d086e] actionpack (5.2.3) lib/action_dispatch/middleware/debug_exceptions.rb:65:in `call'
[ba0dfcfc-e2d2-4150-8420-5f85d19d086e] actionpack (5.2.3) lib/action_dispatch/middleware/show_exceptions.rb:33:in `call'
[ba0dfcfc-e2d2-4150-8420-5f85d19d086e] railties (5.2.3) lib/rails/rack/logger.rb:38:in `call_app'
[ba0dfcfc-e2d2-4150-8420-5f85d19d086e] railties (5.2.3) lib/rails/rack/logger.rb:26:in `block in call'
[ba0dfcfc-e2d2-4150-8420-5f85d19d086e] activesupport (5.2.3) lib/active_support/tagged_logging.rb:71:in `block in tagged'
[ba0dfcfc-e2d2-4150-8420-5f85d19d086e] activesupport (5.2.3) lib/active_support/tagged_logging.rb:28:in `tagged'
[ba0dfcfc-e2d2-4150-8420-5f85d19d086e] activesupport (5.2.3) lib/active_support/tagged_logging.rb:71:in `tagged'
[ba0dfcfc-e2d2-4150-8420-5f85d19d086e] railties (5.2.3) lib/rails/rack/logger.rb:26:in `call'
[ba0dfcfc-e2d2-4150-8420-5f85d19d086e] actionpack (5.2.3) lib/action_dispatch/middleware/remote_ip.rb:81:in `call'
[ba0dfcfc-e2d2-4150-8420-5f85d19d086e] actionpack (5.2.3) lib/action_dispatch/middleware/request_id.rb:27:in `call'
[ba0dfcfc-e2d2-4150-8420-5f85d19d086e] rack (2.0.7) lib/rack/method_override.rb:22:in `call'
[ba0dfcfc-e2d2-4150-8420-5f85d19d086e] rack (2.0.7) lib/rack/runtime.rb:22:in `call'
[ba0dfcfc-e2d2-4150-8420-5f85d19d086e] activesupport (5.2.3) lib/active_support/cache/strategy/local_cache_middleware.rb:29:in `call'
[ba0dfcfc-e2d2-4150-8420-5f85d19d086e] actionpack (5.2.3) lib/action_dispatch/middleware/executor.rb:14:in `call'
[ba0dfcfc-e2d2-4150-8420-5f85d19d086e] rack (2.0.7) lib/rack/sendfile.rb:111:in `call'
[ba0dfcfc-e2d2-4150-8420-5f85d19d086e] railties (5.2.3) lib/rails/engine.rb:524:in `call'
[ba0dfcfc-e2d2-4150-8420-5f85d19d086e] puma (3.12.1) lib/puma/configuration.rb:227:in `call'
[ba0dfcfc-e2d2-4150-8420-5f85d19d086e] puma (3.12.1) lib/puma/server.rb:660:in `handle_request'
[ba0dfcfc-e2d2-4150-8420-5f85d19d086e] puma (3.12.1) lib/puma/server.rb:474:in `process_client'
[ba0dfcfc-e2d2-4150-8420-5f85d19d086e] puma (3.12.1) lib/puma/server.rb:334:in `block in run'
[ba0dfcfc-e2d2-4150-8420-5f85d19d086e] puma (3.12.1) lib/puma/thread_pool.rb:135:in `block in spawn_thread'
I, [2019-09-04T23:17:36.984983 #9428]  INFO -- : [851aa968-0b49-46ae-9cec-db5f809974b4] Started GET "/employees/index" for 127.0.0.1 at 2019-09-04 23:17:36 +0900
I, [2019-09-04T23:17:36.986791 #9428]  INFO -- : [851aa968-0b49-46ae-9cec-db5f809974b4] Processing by EmployeesController#index as HTML
D, [2019-09-04T23:17:36.988785 #9428] DEBUG -- : [851aa968-0b49-46ae-9cec-db5f809974b4]   [1m[36mUser Load (0.4ms)[0m  [1m[34mSELECT  `users`.* FROM `users` WHERE `users`.`id` = 1 LIMIT 1[0m
I, [2019-09-04T23:17:37.032928 #9428]  INFO -- : [851aa968-0b49-46ae-9cec-db5f809974b4]   Rendering employees/index.html.erb within layouts/application
D, [2019-09-04T23:17:37.036923 #9428] DEBUG -- : [851aa968-0b49-46ae-9cec-db5f809974b4]   [1m[36mEmployee Load (0.6ms)[0m  [1m[34mSELECT `employees`.* FROM `employees`[0m
I, [2019-09-04T23:17:37.065880 #9428]  INFO -- : [851aa968-0b49-46ae-9cec-db5f809974b4]   Rendered employees/index.html.erb within layouts/application (31.6ms)
I, [2019-09-04T23:17:37.066913 #9428]  INFO -- : [851aa968-0b49-46ae-9cec-db5f809974b4]   Rendered layouts/_alert.html.erb (0.2ms)
I, [2019-09-04T23:17:37.066913 #9428]  INFO -- : [851aa968-0b49-46ae-9cec-db5f809974b4]   Rendered layouts/_navigation.html.erb (0.1ms)
I, [2019-09-04T23:17:37.066913 #9428]  INFO -- : [851aa968-0b49-46ae-9cec-db5f809974b4] Completed 200 OK in 82ms (Views: 29.2ms | ActiveRecord: 28.6ms)
I, [2019-09-04T23:17:38.333090 #9428]  INFO -- : [236808fb-fcd6-42a7-baa6-161602b77923] Started GET "/licenses/index" for 127.0.0.1 at 2019-09-04 23:17:38 +0900
I, [2019-09-04T23:17:38.335086 #9428]  INFO -- : [236808fb-fcd6-42a7-baa6-161602b77923] Processing by LicensesController#index as HTML
D, [2019-09-04T23:17:38.336307 #9428] DEBUG -- : [236808fb-fcd6-42a7-baa6-161602b77923]   [1m[36mUser Load (0.3ms)[0m  [1m[34mSELECT  `users`.* FROM `users` WHERE `users`.`id` = 1 LIMIT 1[0m
I, [2019-09-04T23:17:38.379221 #9428]  INFO -- : [236808fb-fcd6-42a7-baa6-161602b77923]   Rendering licenses/index.html.erb within layouts/application
D, [2019-09-04T23:17:38.382277 #9428] DEBUG -- : [236808fb-fcd6-42a7-baa6-161602b77923]   [1m[36mLicense Load (0.5ms)[0m  [1m[34mSELECT `licenses`.* FROM `licenses`[0m
I, [2019-09-04T23:17:38.382277 #9428]  INFO -- : [236808fb-fcd6-42a7-baa6-161602b77923]   Rendered licenses/index.html.erb within layouts/application (2.4ms)
I, [2019-09-04T23:17:38.382277 #9428]  INFO -- : [236808fb-fcd6-42a7-baa6-161602b77923]   Rendered layouts/_alert.html.erb (0.1ms)
I, [2019-09-04T23:17:38.382277 #9428]  INFO -- : [236808fb-fcd6-42a7-baa6-161602b77923]   Rendered layouts/_navigation.html.erb (0.1ms)
I, [2019-09-04T23:17:38.382277 #9428]  INFO -- : [236808fb-fcd6-42a7-baa6-161602b77923] Completed 200 OK in 50ms (Views: 25.4ms | ActiveRecord: 0.8ms)
I, [2019-09-04T23:17:39.164925 #9428]  INFO -- : [6d54937f-0ddd-4fa1-9cfc-e4c5da8cbf09] Started GET "/posts/index" for 127.0.0.1 at 2019-09-04 23:17:39 +0900
I, [2019-09-04T23:17:39.166776 #9428]  INFO -- : [6d54937f-0ddd-4fa1-9cfc-e4c5da8cbf09] Processing by PostsController#index as HTML
D, [2019-09-04T23:17:39.168770 #9428] DEBUG -- : [6d54937f-0ddd-4fa1-9cfc-e4c5da8cbf09]   [1m[36mUser Load (0.6ms)[0m  [1m[34mSELECT  `users`.* FROM `users` WHERE `users`.`id` = 1 LIMIT 1[0m
I, [2019-09-04T23:17:39.170516 #9428]  INFO -- : [6d54937f-0ddd-4fa1-9cfc-e4c5da8cbf09]   Rendering posts/index.html.erb within layouts/application
D, [2019-09-04T23:17:39.172725 #9428] DEBUG -- : [6d54937f-0ddd-4fa1-9cfc-e4c5da8cbf09]   [1m[36mLicense Load (0.4ms)[0m  [1m[34mSELECT `licenses`.* FROM `licenses`[0m
D, [2019-09-04T23:17:39.179447 #9428] DEBUG -- : [6d54937f-0ddd-4fa1-9cfc-e4c5da8cbf09]   [1m[35m (0.3ms)[0m  [1m[34mSELECT COUNT(*) FROM `posts`[0m
D, [2019-09-04T23:17:39.180506 #9428] DEBUG -- : [6d54937f-0ddd-4fa1-9cfc-e4c5da8cbf09]   [1m[36mPost Load (0.3ms)[0m  [1m[34mSELECT `posts`.* FROM `posts`[0m
I, [2019-09-04T23:17:39.182500 #9428]  INFO -- : [6d54937f-0ddd-4fa1-9cfc-e4c5da8cbf09]   Rendered posts/index.html.erb within layouts/application (10.4ms)
I, [2019-09-04T23:17:39.184860 #9428]  INFO -- : [6d54937f-0ddd-4fa1-9cfc-e4c5da8cbf09]   Rendered layouts/_alert.html.erb (0.1ms)
I, [2019-09-04T23:17:39.187588 #9428]  INFO -- : [6d54937f-0ddd-4fa1-9cfc-e4c5da8cbf09]   Rendered layouts/_navigation.html.erb (0.2ms)
I, [2019-09-04T23:17:39.188986 #9428]  INFO -- : [6d54937f-0ddd-4fa1-9cfc-e4c5da8cbf09] Completed 200 OK in 23ms (Views: 18.1ms | ActiveRecord: 1.7ms)
I, [2019-09-04T23:17:41.068687 #9428]  INFO -- : [a5b46971-ad4a-496f-9f9f-707ca2fc287b] Started POST "/logout" for 127.0.0.1 at 2019-09-04 23:17:41 +0900
I, [2019-09-04T23:17:41.069873 #9428]  INFO -- : [a5b46971-ad4a-496f-9f9f-707ca2fc287b] Processing by UsersController#logout as HTML
I, [2019-09-04T23:17:41.070876 #9428]  INFO -- : [a5b46971-ad4a-496f-9f9f-707ca2fc287b]   Parameters: {"authenticity_token"=>"NPRuEKy3prxLB1rsZGzqf1XweaxmgiwN/cS4RcpdWn5b6eLZg8LENS1L//OMCqKidIpaVhp8e5btPQUt7RnA2A=="}
D, [2019-09-04T23:17:41.072321 #9428] DEBUG -- : [a5b46971-ad4a-496f-9f9f-707ca2fc287b]   [1m[36mUser Load (0.3ms)[0m  [1m[34mSELECT  `users`.* FROM `users` WHERE `users`.`id` = 1 LIMIT 1[0m
I, [2019-09-04T23:17:41.073319 #9428]  INFO -- : [a5b46971-ad4a-496f-9f9f-707ca2fc287b] Redirected to http://localhost:3000/
I, [2019-09-04T23:17:41.073319 #9428]  INFO -- : [a5b46971-ad4a-496f-9f9f-707ca2fc287b] Completed 302 Found in 3ms (ActiveRecord: 0.3ms)
I, [2019-09-04T23:17:41.090126 #9428]  INFO -- : [bc884592-50b1-4e8b-8818-b11e7313b624] Started GET "/" for 127.0.0.1 at 2019-09-04 23:17:41 +0900
I, [2019-09-04T23:17:41.090631 #9428]  INFO -- : [bc884592-50b1-4e8b-8818-b11e7313b624] Processing by UsersController#login_form as HTML
D, [2019-09-04T23:17:41.093631 #9428] DEBUG -- : [bc884592-50b1-4e8b-8818-b11e7313b624]   [1m[36mUser Load (0.3ms)[0m  [1m[34mSELECT  `users`.* FROM `users` WHERE `users`.`id` IS NULL LIMIT 1[0m
I, [2019-09-04T23:17:41.094659 #9428]  INFO -- : [bc884592-50b1-4e8b-8818-b11e7313b624]   Rendering users/login_form.erb within layouts/application
I, [2019-09-04T23:17:41.095659 #9428]  INFO -- : [bc884592-50b1-4e8b-8818-b11e7313b624]   Rendered users/login_form.erb within layouts/application (0.5ms)
I, [2019-09-04T23:17:41.095659 #9428]  INFO -- : [bc884592-50b1-4e8b-8818-b11e7313b624]   Rendered layouts/_alert.html.erb (0.1ms)
I, [2019-09-04T23:17:41.095659 #9428]  INFO -- : [bc884592-50b1-4e8b-8818-b11e7313b624]   Rendered layouts/_navigation.html.erb (0.1ms)
I, [2019-09-04T23:17:41.095659 #9428]  INFO -- : [bc884592-50b1-4e8b-8818-b11e7313b624] Completed 200 OK in 6ms (Views: 3.1ms | ActiveRecord: 0.3ms)
I, [2019-09-04T23:17:42.976309 #9428]  INFO -- : [31ad59e4-8d2c-4735-8728-244b23ce95dc] Started GET "/" for 127.0.0.1 at 2019-09-04 23:17:42 +0900
I, [2019-09-04T23:17:42.978356 #9428]  INFO -- : [31ad59e4-8d2c-4735-8728-244b23ce95dc] Processing by UsersController#login_form as HTML
D, [2019-09-04T23:17:42.983003 #9428] DEBUG -- : [31ad59e4-8d2c-4735-8728-244b23ce95dc]   [1m[36mUser Load (0.6ms)[0m  [1m[34mSELECT  `users`.* FROM `users` WHERE `users`.`id` IS NULL LIMIT 1[0m
I, [2019-09-04T23:17:42.984001 #9428]  INFO -- : [31ad59e4-8d2c-4735-8728-244b23ce95dc]   Rendering users/login_form.erb within layouts/application
I, [2019-09-04T23:17:42.984001 #9428]  INFO -- : [31ad59e4-8d2c-4735-8728-244b23ce95dc]   Rendered users/login_form.erb within layouts/application (0.6ms)
I, [2019-09-04T23:17:42.984001 #9428]  INFO -- : [31ad59e4-8d2c-4735-8728-244b23ce95dc]   Rendered layouts/_alert.html.erb (0.1ms)
I, [2019-09-04T23:17:42.984001 #9428]  INFO -- : [31ad59e4-8d2c-4735-8728-244b23ce95dc]   Rendered layouts/_navigation.html.erb (0.1ms)
I, [2019-09-04T23:17:42.984001 #9428]  INFO -- : [31ad59e4-8d2c-4735-8728-244b23ce95dc] Completed 200 OK in 8ms (Views: 3.3ms | ActiveRecord: 0.6ms)
I, [2019-09-04T23:19:11.212528 #9428]  INFO -- : [1ad1d39c-8883-4c38-81d7-8e3b1407d49a] Started GET "/signup" for 127.0.0.1 at 2019-09-04 23:19:11 +0900
I, [2019-09-04T23:19:11.212528 #9428]  INFO -- : [1ad1d39c-8883-4c38-81d7-8e3b1407d49a] Processing by UsersController#new as HTML
D, [2019-09-04T23:19:11.220200 #9428] DEBUG -- : [1ad1d39c-8883-4c38-81d7-8e3b1407d49a]   [1m[36mUser Load (0.9ms)[0m  [1m[34mSELECT  `users`.* FROM `users` WHERE `users`.`id` IS NULL LIMIT 1[0m
I, [2019-09-04T23:19:11.221245 #9428]  INFO -- : [1ad1d39c-8883-4c38-81d7-8e3b1407d49a]   Rendering users/new.html.erb within layouts/application
I, [2019-09-04T23:19:11.221245 #9428]  INFO -- : [1ad1d39c-8883-4c38-81d7-8e3b1407d49a]   Rendered users/new.html.erb within layouts/application (1.1ms)
I, [2019-09-04T23:19:11.221245 #9428]  INFO -- : [1ad1d39c-8883-4c38-81d7-8e3b1407d49a]   Rendered layouts/_alert.html.erb (0.2ms)
I, [2019-09-04T23:19:11.221245 #9428]  INFO -- : [1ad1d39c-8883-4c38-81d7-8e3b1407d49a]   Rendered layouts/_navigation.html.erb (0.1ms)
I, [2019-09-04T23:19:11.221245 #9428]  INFO -- : [1ad1d39c-8883-4c38-81d7-8e3b1407d49a] Completed 200 OK in 12ms (Views: 6.0ms | ActiveRecord: 0.9ms)
I, [2019-09-04T23:19:12.673349 #9428]  INFO -- : [8a2f0a44-8860-464f-a0f3-2ee9b031ae3d] Started GET "/login" for 127.0.0.1 at 2019-09-04 23:19:12 +0900
I, [2019-09-04T23:19:12.675434 #9428]  INFO -- : [8a2f0a44-8860-464f-a0f3-2ee9b031ae3d] Processing by UsersController#login_form as HTML
D, [2019-09-04T23:19:12.677943 #9428] DEBUG -- : [8a2f0a44-8860-464f-a0f3-2ee9b031ae3d]   [1m[36mUser Load (0.4ms)[0m  [1m[34mSELECT  `users`.* FROM `users` WHERE `users`.`id` IS NULL LIMIT 1[0m
I, [2019-09-04T23:19:12.678940 #9428]  INFO -- : [8a2f0a44-8860-464f-a0f3-2ee9b031ae3d]   Rendering users/login_form.erb within layouts/application
I, [2019-09-04T23:19:12.678940 #9428]  INFO -- : [8a2f0a44-8860-464f-a0f3-2ee9b031ae3d]   Rendered users/login_form.erb within layouts/application (0.7ms)
I, [2019-09-04T23:19:12.678940 #9428]  INFO -- : [8a2f0a44-8860-464f-a0f3-2ee9b031ae3d]   Rendered layouts/_alert.html.erb (0.1ms)
I, [2019-09-04T23:19:12.678940 #9428]  INFO -- : [8a2f0a44-8860-464f-a0f3-2ee9b031ae3d]   Rendered layouts/_navigation.html.erb (0.1ms)
I, [2019-09-04T23:19:12.678940 #9428]  INFO -- : [8a2f0a44-8860-464f-a0f3-2ee9b031ae3d] Completed 200 OK in 7ms (Views: 3.6ms | ActiveRecord: 0.4ms)
I, [2019-09-04T23:19:14.112648 #9428]  INFO -- : [3a5d8995-4fa3-4936-9051-e03d7300f024] Started GET "/signup" for 127.0.0.1 at 2019-09-04 23:19:14 +0900
I, [2019-09-04T23:19:14.113645 #9428]  INFO -- : [3a5d8995-4fa3-4936-9051-e03d7300f024] Processing by UsersController#new as HTML
D, [2019-09-04T23:19:14.115812 #9428] DEBUG -- : [3a5d8995-4fa3-4936-9051-e03d7300f024]   [1m[36mUser Load (0.4ms)[0m  [1m[34mSELECT  `users`.* FROM `users` WHERE `users`.`id` IS NULL LIMIT 1[0m
I, [2019-09-04T23:19:14.117886 #9428]  INFO -- : [3a5d8995-4fa3-4936-9051-e03d7300f024]   Rendering users/new.html.erb within layouts/application
I, [2019-09-04T23:19:14.119882 #9428]  INFO -- : [3a5d8995-4fa3-4936-9051-e03d7300f024]   Rendered users/new.html.erb within layouts/application (0.8ms)
I, [2019-09-04T23:19:14.121565 #9428]  INFO -- : [3a5d8995-4fa3-4936-9051-e03d7300f024]   Rendered layouts/_alert.html.erb (0.2ms)
I, [2019-09-04T23:19:14.123969 #9428]  INFO -- : [3a5d8995-4fa3-4936-9051-e03d7300f024]   Rendered layouts/_navigation.html.erb (0.1ms)
I, [2019-09-04T23:19:14.123969 #9428]  INFO -- : [3a5d8995-4fa3-4936-9051-e03d7300f024] Completed 200 OK in 10ms (Views: 6.7ms | ActiveRecord: 0.4ms)
I, [2019-09-04T23:19:15.382763 #9428]  INFO -- : [d8ceae54-d7f4-4a4b-b020-8ac4afdc899d] Started GET "/login" for 127.0.0.1 at 2019-09-04 23:19:15 +0900
I, [2019-09-04T23:19:15.384034 #9428]  INFO -- : [d8ceae54-d7f4-4a4b-b020-8ac4afdc899d] Processing by UsersController#login_form as HTML
D, [2019-09-04T23:19:15.387080 #9428] DEBUG -- : [d8ceae54-d7f4-4a4b-b020-8ac4afdc899d]   [1m[36mUser Load (0.3ms)[0m  [1m[34mSELECT  `users`.* FROM `users` WHERE `users`.`id` IS NULL LIMIT 1[0m
I, [2019-09-04T23:19:15.388080 #9428]  INFO -- : [d8ceae54-d7f4-4a4b-b020-8ac4afdc899d]   Rendering users/login_form.erb within layouts/application
I, [2019-09-04T23:19:15.389972 #9428]  INFO -- : [d8ceae54-d7f4-4a4b-b020-8ac4afdc899d]   Rendered users/login_form.erb within layouts/application (0.7ms)
I, [2019-09-04T23:19:15.390617 #9428]  INFO -- : [d8ceae54-d7f4-4a4b-b020-8ac4afdc899d]   Rendered layouts/_alert.html.erb (0.1ms)
I, [2019-09-04T23:19:15.391613 #9428]  INFO -- : [d8ceae54-d7f4-4a4b-b020-8ac4afdc899d]   Rendered layouts/_navigation.html.erb (0.1ms)
I, [2019-09-04T23:19:15.392128 #9428]  INFO -- : [d8ceae54-d7f4-4a4b-b020-8ac4afdc899d] Completed 200 OK in 7ms (Views: 4.4ms | ActiveRecord: 0.3ms)
I, [2019-09-04T23:19:17.071047 #9428]  INFO -- : [a8feeb4c-632d-4edb-aebd-4ce29192fe29] Started GET "/signup" for 127.0.0.1 at 2019-09-04 23:19:17 +0900
I, [2019-09-04T23:19:17.072873 #9428]  INFO -- : [a8feeb4c-632d-4edb-aebd-4ce29192fe29] Processing by UsersController#new as HTML
D, [2019-09-04T23:19:17.075094 #9428] DEBUG -- : [a8feeb4c-632d-4edb-aebd-4ce29192fe29]   [1m[36mUser Load (0.4ms)[0m  [1m[34mSELECT  `users`.* FROM `users` WHERE `users`.`id` IS NULL LIMIT 1[0m
I, [2019-09-04T23:19:17.077088 #9428]  INFO -- : [a8feeb4c-632d-4edb-aebd-4ce29192fe29]   Rendering users/new.html.erb within layouts/application
I, [2019-09-04T23:19:17.078089 #9428]  INFO -- : [a8feeb4c-632d-4edb-aebd-4ce29192fe29]   Rendered users/new.html.erb within layouts/application (0.6ms)
I, [2019-09-04T23:19:17.079215 #9428]  INFO -- : [a8feeb4c-632d-4edb-aebd-4ce29192fe29]   Rendered layouts/_alert.html.erb (0.1ms)
I, [2019-09-04T23:19:17.079215 #9428]  INFO -- : [a8feeb4c-632d-4edb-aebd-4ce29192fe29]   Rendered layouts/_navigation.html.erb (0.1ms)
I, [2019-09-04T23:19:17.080317 #9428]  INFO -- : [a8feeb4c-632d-4edb-aebd-4ce29192fe29] Completed 200 OK in 7ms (Views: 3.7ms | ActiveRecord: 0.4ms)
I, [2019-09-04T23:19:19.182409 #9428]  INFO -- : [5c68dc05-8251-4df1-962c-973432ceaf6d] Started GET "/login" for 127.0.0.1 at 2019-09-04 23:19:19 +0900
I, [2019-09-04T23:19:19.183378 #9428]  INFO -- : [5c68dc05-8251-4df1-962c-973432ceaf6d] Processing by UsersController#login_form as HTML
D, [2019-09-04T23:19:19.185543 #9428] DEBUG -- : [5c68dc05-8251-4df1-962c-973432ceaf6d]   [1m[36mUser Load (0.4ms)[0m  [1m[34mSELECT  `users`.* FROM `users` WHERE `users`.`id` IS NULL LIMIT 1[0m
I, [2019-09-04T23:19:19.186201 #9428]  INFO -- : [5c68dc05-8251-4df1-962c-973432ceaf6d]   Rendering users/login_form.erb within layouts/application
I, [2019-09-04T23:19:19.187198 #9428]  INFO -- : [5c68dc05-8251-4df1-962c-973432ceaf6d]   Rendered users/login_form.erb within layouts/application (0.8ms)
I, [2019-09-04T23:19:19.189390 #9428]  INFO -- : [5c68dc05-8251-4df1-962c-973432ceaf6d]   Rendered layouts/_alert.html.erb (0.1ms)
I, [2019-09-04T23:19:19.190389 #9428]  INFO -- : [5c68dc05-8251-4df1-962c-973432ceaf6d]   Rendered layouts/_navigation.html.erb (0.1ms)
I, [2019-09-04T23:19:19.190389 #9428]  INFO -- : [5c68dc05-8251-4df1-962c-973432ceaf6d] Completed 200 OK in 7ms (Views: 4.7ms | ActiveRecord: 0.4ms)
